[2023-12-18T00:15:15.047+0000] {processor.py:157} INFO - Started process (PID=33694) to work on /opt/airflow/dags/Scripts/etl.py
[2023-12-18T00:15:15.048+0000] {processor.py:829} INFO - Processing file /opt/airflow/dags/Scripts/etl.py for tasks to queue
[2023-12-18T00:15:15.051+0000] {logging_mixin.py:154} INFO - [2023-12-18T00:15:15.051+0000] {dagbag.py:536} INFO - Filling up the DagBag from /opt/airflow/dags/Scripts/etl.py
[2023-12-18T00:15:16.648+0000] {processor.py:841} WARNING - No viable dags retrieved from /opt/airflow/dags/Scripts/etl.py
[2023-12-18T00:15:16.677+0000] {processor.py:179} INFO - Processing /opt/airflow/dags/Scripts/etl.py took 1.644 seconds
[2023-12-18T01:33:55.825+0000] {processor.py:157} INFO - Started process (PID=33705) to work on /opt/airflow/dags/Scripts/etl.py
[2023-12-18T01:33:55.838+0000] {processor.py:829} INFO - Processing file /opt/airflow/dags/Scripts/etl.py for tasks to queue
[2023-12-18T01:33:55.853+0000] {logging_mixin.py:154} INFO - [2023-12-18T01:33:55.853+0000] {dagbag.py:536} INFO - Filling up the DagBag from /opt/airflow/dags/Scripts/etl.py
[2023-12-18T01:33:56.528+0000] {processor.py:841} WARNING - No viable dags retrieved from /opt/airflow/dags/Scripts/etl.py
[2023-12-18T01:33:56.555+0000] {processor.py:179} INFO - Processing /opt/airflow/dags/Scripts/etl.py took 0.752 seconds
[2023-12-18T02:50:49.694+0000] {processor.py:157} INFO - Started process (PID=33716) to work on /opt/airflow/dags/Scripts/etl.py
[2023-12-18T02:50:49.711+0000] {processor.py:829} INFO - Processing file /opt/airflow/dags/Scripts/etl.py for tasks to queue
[2023-12-18T02:50:49.720+0000] {logging_mixin.py:154} INFO - [2023-12-18T02:50:49.720+0000] {dagbag.py:536} INFO - Filling up the DagBag from /opt/airflow/dags/Scripts/etl.py
[2023-12-18T02:50:51.072+0000] {processor.py:841} WARNING - No viable dags retrieved from /opt/airflow/dags/Scripts/etl.py
[2023-12-18T02:50:51.100+0000] {processor.py:179} INFO - Processing /opt/airflow/dags/Scripts/etl.py took 1.430 seconds
[2023-12-18T03:17:51.493+0000] {processor.py:157} INFO - Started process (PID=33727) to work on /opt/airflow/dags/Scripts/etl.py
[2023-12-18T03:17:51.495+0000] {processor.py:829} INFO - Processing file /opt/airflow/dags/Scripts/etl.py for tasks to queue
[2023-12-18T03:17:51.501+0000] {logging_mixin.py:154} INFO - [2023-12-18T03:17:51.501+0000] {dagbag.py:536} INFO - Filling up the DagBag from /opt/airflow/dags/Scripts/etl.py
[2023-12-18T03:17:52.500+0000] {processor.py:841} WARNING - No viable dags retrieved from /opt/airflow/dags/Scripts/etl.py
[2023-12-18T03:17:52.531+0000] {processor.py:179} INFO - Processing /opt/airflow/dags/Scripts/etl.py took 1.050 seconds
[2023-12-18T03:42:16.521+0000] {processor.py:157} INFO - Started process (PID=33738) to work on /opt/airflow/dags/Scripts/etl.py
[2023-12-18T03:42:16.529+0000] {processor.py:829} INFO - Processing file /opt/airflow/dags/Scripts/etl.py for tasks to queue
[2023-12-18T03:42:16.549+0000] {logging_mixin.py:154} INFO - [2023-12-18T03:42:16.548+0000] {dagbag.py:536} INFO - Filling up the DagBag from /opt/airflow/dags/Scripts/etl.py
[2023-12-18T03:42:17.775+0000] {processor.py:841} WARNING - No viable dags retrieved from /opt/airflow/dags/Scripts/etl.py
[2023-12-18T03:42:17.862+0000] {processor.py:179} INFO - Processing /opt/airflow/dags/Scripts/etl.py took 1.361 seconds
[2023-12-18T03:46:42.339+0000] {processor.py:157} INFO - Started process (PID=33749) to work on /opt/airflow/dags/Scripts/etl.py
[2023-12-18T03:46:42.341+0000] {processor.py:829} INFO - Processing file /opt/airflow/dags/Scripts/etl.py for tasks to queue
[2023-12-18T03:46:42.344+0000] {logging_mixin.py:154} INFO - [2023-12-18T03:46:42.343+0000] {dagbag.py:536} INFO - Filling up the DagBag from /opt/airflow/dags/Scripts/etl.py
[2023-12-18T03:46:43.466+0000] {processor.py:841} WARNING - No viable dags retrieved from /opt/airflow/dags/Scripts/etl.py
[2023-12-18T03:46:43.549+0000] {processor.py:179} INFO - Processing /opt/airflow/dags/Scripts/etl.py took 1.217 seconds
[2023-12-18T03:47:14.045+0000] {processor.py:157} INFO - Started process (PID=33760) to work on /opt/airflow/dags/Scripts/etl.py
[2023-12-18T03:47:14.047+0000] {processor.py:829} INFO - Processing file /opt/airflow/dags/Scripts/etl.py for tasks to queue
[2023-12-18T03:47:14.052+0000] {logging_mixin.py:154} INFO - [2023-12-18T03:47:14.052+0000] {dagbag.py:536} INFO - Filling up the DagBag from /opt/airflow/dags/Scripts/etl.py
[2023-12-18T03:47:14.632+0000] {processor.py:841} WARNING - No viable dags retrieved from /opt/airflow/dags/Scripts/etl.py
[2023-12-18T03:47:14.655+0000] {processor.py:179} INFO - Processing /opt/airflow/dags/Scripts/etl.py took 0.620 seconds
[2023-12-18T03:47:45.133+0000] {processor.py:157} INFO - Started process (PID=33771) to work on /opt/airflow/dags/Scripts/etl.py
[2023-12-18T03:47:45.134+0000] {processor.py:829} INFO - Processing file /opt/airflow/dags/Scripts/etl.py for tasks to queue
[2023-12-18T03:47:45.137+0000] {logging_mixin.py:154} INFO - [2023-12-18T03:47:45.137+0000] {dagbag.py:536} INFO - Filling up the DagBag from /opt/airflow/dags/Scripts/etl.py
[2023-12-18T03:47:45.661+0000] {processor.py:841} WARNING - No viable dags retrieved from /opt/airflow/dags/Scripts/etl.py
[2023-12-18T03:47:45.688+0000] {processor.py:179} INFO - Processing /opt/airflow/dags/Scripts/etl.py took 0.560 seconds
[2023-12-18T03:48:16.122+0000] {processor.py:157} INFO - Started process (PID=33782) to work on /opt/airflow/dags/Scripts/etl.py
[2023-12-18T03:48:16.123+0000] {processor.py:829} INFO - Processing file /opt/airflow/dags/Scripts/etl.py for tasks to queue
[2023-12-18T03:48:16.126+0000] {logging_mixin.py:154} INFO - [2023-12-18T03:48:16.126+0000] {dagbag.py:536} INFO - Filling up the DagBag from /opt/airflow/dags/Scripts/etl.py
[2023-12-18T03:48:16.694+0000] {processor.py:841} WARNING - No viable dags retrieved from /opt/airflow/dags/Scripts/etl.py
[2023-12-18T03:48:16.706+0000] {processor.py:179} INFO - Processing /opt/airflow/dags/Scripts/etl.py took 0.587 seconds
[2023-12-18T03:48:47.131+0000] {processor.py:157} INFO - Started process (PID=33793) to work on /opt/airflow/dags/Scripts/etl.py
[2023-12-18T03:48:47.132+0000] {processor.py:829} INFO - Processing file /opt/airflow/dags/Scripts/etl.py for tasks to queue
[2023-12-18T03:48:47.135+0000] {logging_mixin.py:154} INFO - [2023-12-18T03:48:47.134+0000] {dagbag.py:536} INFO - Filling up the DagBag from /opt/airflow/dags/Scripts/etl.py
[2023-12-18T03:48:47.655+0000] {processor.py:841} WARNING - No viable dags retrieved from /opt/airflow/dags/Scripts/etl.py
[2023-12-18T03:48:47.669+0000] {processor.py:179} INFO - Processing /opt/airflow/dags/Scripts/etl.py took 0.541 seconds
[2023-12-18T03:49:18.103+0000] {processor.py:157} INFO - Started process (PID=33804) to work on /opt/airflow/dags/Scripts/etl.py
[2023-12-18T03:49:18.104+0000] {processor.py:829} INFO - Processing file /opt/airflow/dags/Scripts/etl.py for tasks to queue
[2023-12-18T03:49:18.106+0000] {logging_mixin.py:154} INFO - [2023-12-18T03:49:18.106+0000] {dagbag.py:536} INFO - Filling up the DagBag from /opt/airflow/dags/Scripts/etl.py
[2023-12-18T03:49:18.586+0000] {processor.py:841} WARNING - No viable dags retrieved from /opt/airflow/dags/Scripts/etl.py
[2023-12-18T03:49:18.618+0000] {processor.py:179} INFO - Processing /opt/airflow/dags/Scripts/etl.py took 0.518 seconds
[2023-12-18T03:49:49.064+0000] {processor.py:157} INFO - Started process (PID=33815) to work on /opt/airflow/dags/Scripts/etl.py
[2023-12-18T03:49:49.065+0000] {processor.py:829} INFO - Processing file /opt/airflow/dags/Scripts/etl.py for tasks to queue
[2023-12-18T03:49:49.067+0000] {logging_mixin.py:154} INFO - [2023-12-18T03:49:49.067+0000] {dagbag.py:536} INFO - Filling up the DagBag from /opt/airflow/dags/Scripts/etl.py
[2023-12-18T03:49:49.557+0000] {processor.py:841} WARNING - No viable dags retrieved from /opt/airflow/dags/Scripts/etl.py
[2023-12-18T03:49:49.571+0000] {processor.py:179} INFO - Processing /opt/airflow/dags/Scripts/etl.py took 0.510 seconds
[2023-12-18T03:50:20.113+0000] {processor.py:157} INFO - Started process (PID=33826) to work on /opt/airflow/dags/Scripts/etl.py
[2023-12-18T03:50:20.114+0000] {processor.py:829} INFO - Processing file /opt/airflow/dags/Scripts/etl.py for tasks to queue
[2023-12-18T03:50:20.115+0000] {logging_mixin.py:154} INFO - [2023-12-18T03:50:20.115+0000] {dagbag.py:536} INFO - Filling up the DagBag from /opt/airflow/dags/Scripts/etl.py
[2023-12-18T03:50:20.730+0000] {processor.py:841} WARNING - No viable dags retrieved from /opt/airflow/dags/Scripts/etl.py
[2023-12-18T03:50:20.758+0000] {processor.py:179} INFO - Processing /opt/airflow/dags/Scripts/etl.py took 0.648 seconds
[2023-12-18T04:12:34.192+0000] {processor.py:157} INFO - Started process (PID=33836) to work on /opt/airflow/dags/Scripts/etl.py
[2023-12-18T04:12:34.198+0000] {processor.py:829} INFO - Processing file /opt/airflow/dags/Scripts/etl.py for tasks to queue
[2023-12-18T04:12:34.201+0000] {logging_mixin.py:154} INFO - [2023-12-18T04:12:34.200+0000] {dagbag.py:536} INFO - Filling up the DagBag from /opt/airflow/dags/Scripts/etl.py
[2023-12-18T04:12:35.146+0000] {processor.py:841} WARNING - No viable dags retrieved from /opt/airflow/dags/Scripts/etl.py
[2023-12-18T04:12:35.157+0000] {processor.py:179} INFO - Processing /opt/airflow/dags/Scripts/etl.py took 0.970 seconds
[2023-12-18T04:13:05.644+0000] {processor.py:157} INFO - Started process (PID=33847) to work on /opt/airflow/dags/Scripts/etl.py
[2023-12-18T04:13:05.646+0000] {processor.py:829} INFO - Processing file /opt/airflow/dags/Scripts/etl.py for tasks to queue
[2023-12-18T04:13:05.649+0000] {logging_mixin.py:154} INFO - [2023-12-18T04:13:05.649+0000] {dagbag.py:536} INFO - Filling up the DagBag from /opt/airflow/dags/Scripts/etl.py
[2023-12-18T04:13:06.251+0000] {processor.py:841} WARNING - No viable dags retrieved from /opt/airflow/dags/Scripts/etl.py
[2023-12-18T04:13:06.285+0000] {processor.py:179} INFO - Processing /opt/airflow/dags/Scripts/etl.py took 0.647 seconds
[2023-12-18T04:13:37.089+0000] {processor.py:157} INFO - Started process (PID=33858) to work on /opt/airflow/dags/Scripts/etl.py
[2023-12-18T04:13:37.091+0000] {processor.py:829} INFO - Processing file /opt/airflow/dags/Scripts/etl.py for tasks to queue
[2023-12-18T04:13:37.094+0000] {logging_mixin.py:154} INFO - [2023-12-18T04:13:37.093+0000] {dagbag.py:536} INFO - Filling up the DagBag from /opt/airflow/dags/Scripts/etl.py
[2023-12-18T04:13:37.732+0000] {processor.py:841} WARNING - No viable dags retrieved from /opt/airflow/dags/Scripts/etl.py
[2023-12-18T04:13:37.749+0000] {processor.py:179} INFO - Processing /opt/airflow/dags/Scripts/etl.py took 0.664 seconds
[2023-12-18T04:14:08.145+0000] {processor.py:157} INFO - Started process (PID=33869) to work on /opt/airflow/dags/Scripts/etl.py
[2023-12-18T04:14:08.146+0000] {processor.py:829} INFO - Processing file /opt/airflow/dags/Scripts/etl.py for tasks to queue
[2023-12-18T04:14:08.149+0000] {logging_mixin.py:154} INFO - [2023-12-18T04:14:08.149+0000] {dagbag.py:536} INFO - Filling up the DagBag from /opt/airflow/dags/Scripts/etl.py
[2023-12-18T04:14:08.725+0000] {processor.py:841} WARNING - No viable dags retrieved from /opt/airflow/dags/Scripts/etl.py
[2023-12-18T04:14:08.742+0000] {processor.py:179} INFO - Processing /opt/airflow/dags/Scripts/etl.py took 0.601 seconds
[2023-12-18T04:14:39.203+0000] {processor.py:157} INFO - Started process (PID=33880) to work on /opt/airflow/dags/Scripts/etl.py
[2023-12-18T04:14:39.205+0000] {processor.py:829} INFO - Processing file /opt/airflow/dags/Scripts/etl.py for tasks to queue
[2023-12-18T04:14:39.212+0000] {logging_mixin.py:154} INFO - [2023-12-18T04:14:39.211+0000] {dagbag.py:536} INFO - Filling up the DagBag from /opt/airflow/dags/Scripts/etl.py
[2023-12-18T04:14:39.765+0000] {processor.py:841} WARNING - No viable dags retrieved from /opt/airflow/dags/Scripts/etl.py
[2023-12-18T04:14:39.781+0000] {processor.py:179} INFO - Processing /opt/airflow/dags/Scripts/etl.py took 0.587 seconds
[2023-12-18T04:15:10.214+0000] {processor.py:157} INFO - Started process (PID=33891) to work on /opt/airflow/dags/Scripts/etl.py
[2023-12-18T04:15:10.216+0000] {processor.py:829} INFO - Processing file /opt/airflow/dags/Scripts/etl.py for tasks to queue
[2023-12-18T04:15:10.219+0000] {logging_mixin.py:154} INFO - [2023-12-18T04:15:10.219+0000] {dagbag.py:536} INFO - Filling up the DagBag from /opt/airflow/dags/Scripts/etl.py
[2023-12-18T04:15:10.737+0000] {processor.py:841} WARNING - No viable dags retrieved from /opt/airflow/dags/Scripts/etl.py
[2023-12-18T04:15:10.753+0000] {processor.py:179} INFO - Processing /opt/airflow/dags/Scripts/etl.py took 0.543 seconds
[2023-12-18T04:15:41.203+0000] {processor.py:157} INFO - Started process (PID=33901) to work on /opt/airflow/dags/Scripts/etl.py
[2023-12-18T04:15:41.204+0000] {processor.py:829} INFO - Processing file /opt/airflow/dags/Scripts/etl.py for tasks to queue
[2023-12-18T04:15:41.206+0000] {logging_mixin.py:154} INFO - [2023-12-18T04:15:41.206+0000] {dagbag.py:536} INFO - Filling up the DagBag from /opt/airflow/dags/Scripts/etl.py
[2023-12-18T04:15:41.834+0000] {processor.py:841} WARNING - No viable dags retrieved from /opt/airflow/dags/Scripts/etl.py
[2023-12-18T04:15:41.852+0000] {processor.py:179} INFO - Processing /opt/airflow/dags/Scripts/etl.py took 0.654 seconds
[2023-12-18T04:16:12.223+0000] {processor.py:157} INFO - Started process (PID=33912) to work on /opt/airflow/dags/Scripts/etl.py
[2023-12-18T04:16:12.225+0000] {processor.py:829} INFO - Processing file /opt/airflow/dags/Scripts/etl.py for tasks to queue
[2023-12-18T04:16:12.227+0000] {logging_mixin.py:154} INFO - [2023-12-18T04:16:12.227+0000] {dagbag.py:536} INFO - Filling up the DagBag from /opt/airflow/dags/Scripts/etl.py
[2023-12-18T04:16:12.810+0000] {processor.py:841} WARNING - No viable dags retrieved from /opt/airflow/dags/Scripts/etl.py
[2023-12-18T04:16:12.834+0000] {processor.py:179} INFO - Processing /opt/airflow/dags/Scripts/etl.py took 0.616 seconds
[2023-12-18T04:16:43.197+0000] {processor.py:157} INFO - Started process (PID=33923) to work on /opt/airflow/dags/Scripts/etl.py
[2023-12-18T04:16:43.200+0000] {processor.py:829} INFO - Processing file /opt/airflow/dags/Scripts/etl.py for tasks to queue
[2023-12-18T04:16:43.208+0000] {logging_mixin.py:154} INFO - [2023-12-18T04:16:43.207+0000] {dagbag.py:536} INFO - Filling up the DagBag from /opt/airflow/dags/Scripts/etl.py
[2023-12-18T04:16:43.759+0000] {processor.py:841} WARNING - No viable dags retrieved from /opt/airflow/dags/Scripts/etl.py
[2023-12-18T04:16:43.773+0000] {processor.py:179} INFO - Processing /opt/airflow/dags/Scripts/etl.py took 0.586 seconds
[2023-12-18T04:17:14.179+0000] {processor.py:157} INFO - Started process (PID=33934) to work on /opt/airflow/dags/Scripts/etl.py
[2023-12-18T04:17:14.182+0000] {processor.py:829} INFO - Processing file /opt/airflow/dags/Scripts/etl.py for tasks to queue
[2023-12-18T04:17:14.191+0000] {logging_mixin.py:154} INFO - [2023-12-18T04:17:14.190+0000] {dagbag.py:536} INFO - Filling up the DagBag from /opt/airflow/dags/Scripts/etl.py
[2023-12-18T04:17:14.771+0000] {processor.py:841} WARNING - No viable dags retrieved from /opt/airflow/dags/Scripts/etl.py
[2023-12-18T04:17:14.790+0000] {processor.py:179} INFO - Processing /opt/airflow/dags/Scripts/etl.py took 0.630 seconds
[2023-12-18T04:17:45.191+0000] {processor.py:157} INFO - Started process (PID=33945) to work on /opt/airflow/dags/Scripts/etl.py
[2023-12-18T04:17:45.193+0000] {processor.py:829} INFO - Processing file /opt/airflow/dags/Scripts/etl.py for tasks to queue
[2023-12-18T04:17:45.196+0000] {logging_mixin.py:154} INFO - [2023-12-18T04:17:45.195+0000] {dagbag.py:536} INFO - Filling up the DagBag from /opt/airflow/dags/Scripts/etl.py
[2023-12-18T04:17:45.789+0000] {processor.py:841} WARNING - No viable dags retrieved from /opt/airflow/dags/Scripts/etl.py
[2023-12-18T04:17:45.809+0000] {processor.py:179} INFO - Processing /opt/airflow/dags/Scripts/etl.py took 0.622 seconds
[2023-12-18T04:18:16.192+0000] {processor.py:157} INFO - Started process (PID=33955) to work on /opt/airflow/dags/Scripts/etl.py
[2023-12-18T04:18:16.194+0000] {processor.py:829} INFO - Processing file /opt/airflow/dags/Scripts/etl.py for tasks to queue
[2023-12-18T04:18:16.196+0000] {logging_mixin.py:154} INFO - [2023-12-18T04:18:16.196+0000] {dagbag.py:536} INFO - Filling up the DagBag from /opt/airflow/dags/Scripts/etl.py
[2023-12-18T04:18:16.821+0000] {processor.py:841} WARNING - No viable dags retrieved from /opt/airflow/dags/Scripts/etl.py
[2023-12-18T04:18:16.838+0000] {processor.py:179} INFO - Processing /opt/airflow/dags/Scripts/etl.py took 0.649 seconds
[2023-12-18T04:18:47.259+0000] {processor.py:157} INFO - Started process (PID=33966) to work on /opt/airflow/dags/Scripts/etl.py
[2023-12-18T04:18:47.260+0000] {processor.py:829} INFO - Processing file /opt/airflow/dags/Scripts/etl.py for tasks to queue
[2023-12-18T04:18:47.264+0000] {logging_mixin.py:154} INFO - [2023-12-18T04:18:47.263+0000] {dagbag.py:536} INFO - Filling up the DagBag from /opt/airflow/dags/Scripts/etl.py
[2023-12-18T04:18:47.852+0000] {processor.py:841} WARNING - No viable dags retrieved from /opt/airflow/dags/Scripts/etl.py
[2023-12-18T04:18:47.869+0000] {processor.py:179} INFO - Processing /opt/airflow/dags/Scripts/etl.py took 0.615 seconds
[2023-12-18T04:19:18.262+0000] {processor.py:157} INFO - Started process (PID=33977) to work on /opt/airflow/dags/Scripts/etl.py
[2023-12-18T04:19:18.263+0000] {processor.py:829} INFO - Processing file /opt/airflow/dags/Scripts/etl.py for tasks to queue
[2023-12-18T04:19:18.265+0000] {logging_mixin.py:154} INFO - [2023-12-18T04:19:18.265+0000] {dagbag.py:536} INFO - Filling up the DagBag from /opt/airflow/dags/Scripts/etl.py
[2023-12-18T04:19:18.822+0000] {processor.py:841} WARNING - No viable dags retrieved from /opt/airflow/dags/Scripts/etl.py
[2023-12-18T04:19:18.850+0000] {processor.py:179} INFO - Processing /opt/airflow/dags/Scripts/etl.py took 0.592 seconds
[2023-12-18T04:19:49.233+0000] {processor.py:157} INFO - Started process (PID=33989) to work on /opt/airflow/dags/Scripts/etl.py
[2023-12-18T04:19:49.235+0000] {processor.py:829} INFO - Processing file /opt/airflow/dags/Scripts/etl.py for tasks to queue
[2023-12-18T04:19:49.238+0000] {logging_mixin.py:154} INFO - [2023-12-18T04:19:49.238+0000] {dagbag.py:536} INFO - Filling up the DagBag from /opt/airflow/dags/Scripts/etl.py
[2023-12-18T04:19:49.856+0000] {processor.py:841} WARNING - No viable dags retrieved from /opt/airflow/dags/Scripts/etl.py
[2023-12-18T04:19:49.872+0000] {processor.py:179} INFO - Processing /opt/airflow/dags/Scripts/etl.py took 0.643 seconds
[2023-12-18T04:20:20.260+0000] {processor.py:157} INFO - Started process (PID=34000) to work on /opt/airflow/dags/Scripts/etl.py
[2023-12-18T04:20:20.264+0000] {processor.py:829} INFO - Processing file /opt/airflow/dags/Scripts/etl.py for tasks to queue
[2023-12-18T04:20:20.268+0000] {logging_mixin.py:154} INFO - [2023-12-18T04:20:20.268+0000] {dagbag.py:536} INFO - Filling up the DagBag from /opt/airflow/dags/Scripts/etl.py
[2023-12-18T04:20:20.799+0000] {processor.py:841} WARNING - No viable dags retrieved from /opt/airflow/dags/Scripts/etl.py
[2023-12-18T04:20:20.814+0000] {processor.py:179} INFO - Processing /opt/airflow/dags/Scripts/etl.py took 0.559 seconds
[2023-12-18T04:20:51.209+0000] {processor.py:157} INFO - Started process (PID=34011) to work on /opt/airflow/dags/Scripts/etl.py
[2023-12-18T04:20:51.210+0000] {processor.py:829} INFO - Processing file /opt/airflow/dags/Scripts/etl.py for tasks to queue
[2023-12-18T04:20:51.216+0000] {logging_mixin.py:154} INFO - [2023-12-18T04:20:51.215+0000] {dagbag.py:536} INFO - Filling up the DagBag from /opt/airflow/dags/Scripts/etl.py
[2023-12-18T04:20:51.743+0000] {processor.py:841} WARNING - No viable dags retrieved from /opt/airflow/dags/Scripts/etl.py
[2023-12-18T04:20:51.774+0000] {processor.py:179} INFO - Processing /opt/airflow/dags/Scripts/etl.py took 0.572 seconds
[2023-12-18T04:21:22.150+0000] {processor.py:157} INFO - Started process (PID=34022) to work on /opt/airflow/dags/Scripts/etl.py
[2023-12-18T04:21:22.152+0000] {processor.py:829} INFO - Processing file /opt/airflow/dags/Scripts/etl.py for tasks to queue
[2023-12-18T04:21:22.155+0000] {logging_mixin.py:154} INFO - [2023-12-18T04:21:22.154+0000] {dagbag.py:536} INFO - Filling up the DagBag from /opt/airflow/dags/Scripts/etl.py
[2023-12-18T04:21:22.692+0000] {processor.py:841} WARNING - No viable dags retrieved from /opt/airflow/dags/Scripts/etl.py
[2023-12-18T04:21:22.709+0000] {processor.py:179} INFO - Processing /opt/airflow/dags/Scripts/etl.py took 0.563 seconds
[2023-12-18T04:21:53.087+0000] {processor.py:157} INFO - Started process (PID=34033) to work on /opt/airflow/dags/Scripts/etl.py
[2023-12-18T04:21:53.088+0000] {processor.py:829} INFO - Processing file /opt/airflow/dags/Scripts/etl.py for tasks to queue
[2023-12-18T04:21:53.091+0000] {logging_mixin.py:154} INFO - [2023-12-18T04:21:53.090+0000] {dagbag.py:536} INFO - Filling up the DagBag from /opt/airflow/dags/Scripts/etl.py
[2023-12-18T04:21:53.637+0000] {processor.py:841} WARNING - No viable dags retrieved from /opt/airflow/dags/Scripts/etl.py
[2023-12-18T04:21:53.652+0000] {processor.py:179} INFO - Processing /opt/airflow/dags/Scripts/etl.py took 0.570 seconds
[2023-12-18T04:22:24.037+0000] {processor.py:157} INFO - Started process (PID=34044) to work on /opt/airflow/dags/Scripts/etl.py
[2023-12-18T04:22:24.038+0000] {processor.py:829} INFO - Processing file /opt/airflow/dags/Scripts/etl.py for tasks to queue
[2023-12-18T04:22:24.043+0000] {logging_mixin.py:154} INFO - [2023-12-18T04:22:24.042+0000] {dagbag.py:536} INFO - Filling up the DagBag from /opt/airflow/dags/Scripts/etl.py
[2023-12-18T04:22:24.594+0000] {processor.py:841} WARNING - No viable dags retrieved from /opt/airflow/dags/Scripts/etl.py
[2023-12-18T04:22:24.611+0000] {processor.py:179} INFO - Processing /opt/airflow/dags/Scripts/etl.py took 0.580 seconds
[2023-12-18T04:22:55.045+0000] {processor.py:157} INFO - Started process (PID=34054) to work on /opt/airflow/dags/Scripts/etl.py
[2023-12-18T04:22:55.046+0000] {processor.py:829} INFO - Processing file /opt/airflow/dags/Scripts/etl.py for tasks to queue
[2023-12-18T04:22:55.049+0000] {logging_mixin.py:154} INFO - [2023-12-18T04:22:55.049+0000] {dagbag.py:536} INFO - Filling up the DagBag from /opt/airflow/dags/Scripts/etl.py
[2023-12-18T04:22:55.621+0000] {processor.py:841} WARNING - No viable dags retrieved from /opt/airflow/dags/Scripts/etl.py
[2023-12-18T04:22:55.640+0000] {processor.py:179} INFO - Processing /opt/airflow/dags/Scripts/etl.py took 0.599 seconds
[2023-12-18T04:23:26.006+0000] {processor.py:157} INFO - Started process (PID=34065) to work on /opt/airflow/dags/Scripts/etl.py
[2023-12-18T04:23:26.007+0000] {processor.py:829} INFO - Processing file /opt/airflow/dags/Scripts/etl.py for tasks to queue
[2023-12-18T04:23:26.010+0000] {logging_mixin.py:154} INFO - [2023-12-18T04:23:26.009+0000] {dagbag.py:536} INFO - Filling up the DagBag from /opt/airflow/dags/Scripts/etl.py
[2023-12-18T04:23:26.609+0000] {processor.py:841} WARNING - No viable dags retrieved from /opt/airflow/dags/Scripts/etl.py
[2023-12-18T04:23:26.621+0000] {processor.py:179} INFO - Processing /opt/airflow/dags/Scripts/etl.py took 0.619 seconds
[2023-12-18T04:23:56.978+0000] {processor.py:157} INFO - Started process (PID=34076) to work on /opt/airflow/dags/Scripts/etl.py
[2023-12-18T04:23:56.979+0000] {processor.py:829} INFO - Processing file /opt/airflow/dags/Scripts/etl.py for tasks to queue
[2023-12-18T04:23:56.982+0000] {logging_mixin.py:154} INFO - [2023-12-18T04:23:56.981+0000] {dagbag.py:536} INFO - Filling up the DagBag from /opt/airflow/dags/Scripts/etl.py
[2023-12-18T04:23:57.521+0000] {processor.py:841} WARNING - No viable dags retrieved from /opt/airflow/dags/Scripts/etl.py
[2023-12-18T04:23:57.536+0000] {processor.py:179} INFO - Processing /opt/airflow/dags/Scripts/etl.py took 0.562 seconds
[2023-12-18T04:24:27.933+0000] {processor.py:157} INFO - Started process (PID=34087) to work on /opt/airflow/dags/Scripts/etl.py
[2023-12-18T04:24:27.935+0000] {processor.py:829} INFO - Processing file /opt/airflow/dags/Scripts/etl.py for tasks to queue
[2023-12-18T04:24:27.937+0000] {logging_mixin.py:154} INFO - [2023-12-18T04:24:27.937+0000] {dagbag.py:536} INFO - Filling up the DagBag from /opt/airflow/dags/Scripts/etl.py
[2023-12-18T04:24:28.466+0000] {processor.py:841} WARNING - No viable dags retrieved from /opt/airflow/dags/Scripts/etl.py
[2023-12-18T04:24:28.499+0000] {processor.py:179} INFO - Processing /opt/airflow/dags/Scripts/etl.py took 0.570 seconds
[2023-12-18T04:24:58.916+0000] {processor.py:157} INFO - Started process (PID=34098) to work on /opt/airflow/dags/Scripts/etl.py
[2023-12-18T04:24:58.918+0000] {processor.py:829} INFO - Processing file /opt/airflow/dags/Scripts/etl.py for tasks to queue
[2023-12-18T04:24:58.920+0000] {logging_mixin.py:154} INFO - [2023-12-18T04:24:58.920+0000] {dagbag.py:536} INFO - Filling up the DagBag from /opt/airflow/dags/Scripts/etl.py
[2023-12-18T04:24:59.456+0000] {processor.py:841} WARNING - No viable dags retrieved from /opt/airflow/dags/Scripts/etl.py
[2023-12-18T04:24:59.467+0000] {processor.py:179} INFO - Processing /opt/airflow/dags/Scripts/etl.py took 0.555 seconds
[2023-12-18T04:25:29.937+0000] {processor.py:157} INFO - Started process (PID=34109) to work on /opt/airflow/dags/Scripts/etl.py
[2023-12-18T04:25:29.939+0000] {processor.py:829} INFO - Processing file /opt/airflow/dags/Scripts/etl.py for tasks to queue
[2023-12-18T04:25:29.942+0000] {logging_mixin.py:154} INFO - [2023-12-18T04:25:29.942+0000] {dagbag.py:536} INFO - Filling up the DagBag from /opt/airflow/dags/Scripts/etl.py
[2023-12-18T04:25:30.454+0000] {processor.py:841} WARNING - No viable dags retrieved from /opt/airflow/dags/Scripts/etl.py
[2023-12-18T04:25:30.469+0000] {processor.py:179} INFO - Processing /opt/airflow/dags/Scripts/etl.py took 0.535 seconds
[2023-12-18T04:26:00.824+0000] {processor.py:157} INFO - Started process (PID=34120) to work on /opt/airflow/dags/Scripts/etl.py
[2023-12-18T04:26:00.827+0000] {processor.py:829} INFO - Processing file /opt/airflow/dags/Scripts/etl.py for tasks to queue
[2023-12-18T04:26:00.838+0000] {logging_mixin.py:154} INFO - [2023-12-18T04:26:00.836+0000] {dagbag.py:536} INFO - Filling up the DagBag from /opt/airflow/dags/Scripts/etl.py
[2023-12-18T04:26:01.467+0000] {processor.py:841} WARNING - No viable dags retrieved from /opt/airflow/dags/Scripts/etl.py
[2023-12-18T04:26:01.490+0000] {processor.py:179} INFO - Processing /opt/airflow/dags/Scripts/etl.py took 0.673 seconds
[2023-12-18T04:26:31.865+0000] {processor.py:157} INFO - Started process (PID=34131) to work on /opt/airflow/dags/Scripts/etl.py
[2023-12-18T04:26:31.866+0000] {processor.py:829} INFO - Processing file /opt/airflow/dags/Scripts/etl.py for tasks to queue
[2023-12-18T04:26:31.869+0000] {logging_mixin.py:154} INFO - [2023-12-18T04:26:31.868+0000] {dagbag.py:536} INFO - Filling up the DagBag from /opt/airflow/dags/Scripts/etl.py
[2023-12-18T04:26:32.408+0000] {processor.py:841} WARNING - No viable dags retrieved from /opt/airflow/dags/Scripts/etl.py
[2023-12-18T04:26:32.426+0000] {processor.py:179} INFO - Processing /opt/airflow/dags/Scripts/etl.py took 0.566 seconds
[2023-12-18T04:27:02.807+0000] {processor.py:157} INFO - Started process (PID=34142) to work on /opt/airflow/dags/Scripts/etl.py
[2023-12-18T04:27:02.809+0000] {processor.py:829} INFO - Processing file /opt/airflow/dags/Scripts/etl.py for tasks to queue
[2023-12-18T04:27:02.818+0000] {logging_mixin.py:154} INFO - [2023-12-18T04:27:02.815+0000] {dagbag.py:536} INFO - Filling up the DagBag from /opt/airflow/dags/Scripts/etl.py
[2023-12-18T04:27:03.420+0000] {processor.py:841} WARNING - No viable dags retrieved from /opt/airflow/dags/Scripts/etl.py
[2023-12-18T04:27:03.448+0000] {processor.py:179} INFO - Processing /opt/airflow/dags/Scripts/etl.py took 0.649 seconds
[2023-12-18T04:27:33.795+0000] {processor.py:157} INFO - Started process (PID=34153) to work on /opt/airflow/dags/Scripts/etl.py
[2023-12-18T04:27:33.796+0000] {processor.py:829} INFO - Processing file /opt/airflow/dags/Scripts/etl.py for tasks to queue
[2023-12-18T04:27:33.800+0000] {logging_mixin.py:154} INFO - [2023-12-18T04:27:33.799+0000] {dagbag.py:536} INFO - Filling up the DagBag from /opt/airflow/dags/Scripts/etl.py
[2023-12-18T04:27:34.373+0000] {processor.py:841} WARNING - No viable dags retrieved from /opt/airflow/dags/Scripts/etl.py
[2023-12-18T04:27:34.391+0000] {processor.py:179} INFO - Processing /opt/airflow/dags/Scripts/etl.py took 0.600 seconds
[2023-12-18T04:28:04.895+0000] {processor.py:157} INFO - Started process (PID=34170) to work on /opt/airflow/dags/Scripts/etl.py
[2023-12-18T04:28:04.902+0000] {processor.py:829} INFO - Processing file /opt/airflow/dags/Scripts/etl.py for tasks to queue
[2023-12-18T04:28:04.917+0000] {logging_mixin.py:154} INFO - [2023-12-18T04:28:04.916+0000] {dagbag.py:536} INFO - Filling up the DagBag from /opt/airflow/dags/Scripts/etl.py
[2023-12-18T04:28:05.558+0000] {processor.py:841} WARNING - No viable dags retrieved from /opt/airflow/dags/Scripts/etl.py
[2023-12-18T04:28:05.590+0000] {processor.py:179} INFO - Processing /opt/airflow/dags/Scripts/etl.py took 0.703 seconds
[2023-12-18T04:28:35.976+0000] {processor.py:157} INFO - Started process (PID=34182) to work on /opt/airflow/dags/Scripts/etl.py
[2023-12-18T04:28:35.977+0000] {processor.py:829} INFO - Processing file /opt/airflow/dags/Scripts/etl.py for tasks to queue
[2023-12-18T04:28:35.981+0000] {logging_mixin.py:154} INFO - [2023-12-18T04:28:35.981+0000] {dagbag.py:536} INFO - Filling up the DagBag from /opt/airflow/dags/Scripts/etl.py
[2023-12-18T04:28:36.641+0000] {processor.py:841} WARNING - No viable dags retrieved from /opt/airflow/dags/Scripts/etl.py
[2023-12-18T04:28:36.660+0000] {processor.py:179} INFO - Processing /opt/airflow/dags/Scripts/etl.py took 0.688 seconds
[2023-12-18T04:29:07.017+0000] {processor.py:157} INFO - Started process (PID=34194) to work on /opt/airflow/dags/Scripts/etl.py
[2023-12-18T04:29:07.022+0000] {processor.py:829} INFO - Processing file /opt/airflow/dags/Scripts/etl.py for tasks to queue
[2023-12-18T04:29:07.037+0000] {logging_mixin.py:154} INFO - [2023-12-18T04:29:07.034+0000] {dagbag.py:536} INFO - Filling up the DagBag from /opt/airflow/dags/Scripts/etl.py
[2023-12-18T04:29:07.651+0000] {processor.py:841} WARNING - No viable dags retrieved from /opt/airflow/dags/Scripts/etl.py
[2023-12-18T04:29:07.673+0000] {processor.py:179} INFO - Processing /opt/airflow/dags/Scripts/etl.py took 0.666 seconds
[2023-12-18T04:29:38.101+0000] {processor.py:157} INFO - Started process (PID=34205) to work on /opt/airflow/dags/Scripts/etl.py
[2023-12-18T04:29:38.104+0000] {processor.py:829} INFO - Processing file /opt/airflow/dags/Scripts/etl.py for tasks to queue
[2023-12-18T04:29:38.110+0000] {logging_mixin.py:154} INFO - [2023-12-18T04:29:38.109+0000] {dagbag.py:536} INFO - Filling up the DagBag from /opt/airflow/dags/Scripts/etl.py
[2023-12-18T04:29:38.723+0000] {processor.py:841} WARNING - No viable dags retrieved from /opt/airflow/dags/Scripts/etl.py
[2023-12-18T04:29:38.743+0000] {processor.py:179} INFO - Processing /opt/airflow/dags/Scripts/etl.py took 0.651 seconds
[2023-12-18T04:30:09.124+0000] {processor.py:157} INFO - Started process (PID=34216) to work on /opt/airflow/dags/Scripts/etl.py
[2023-12-18T04:30:09.126+0000] {processor.py:829} INFO - Processing file /opt/airflow/dags/Scripts/etl.py for tasks to queue
[2023-12-18T04:30:09.129+0000] {logging_mixin.py:154} INFO - [2023-12-18T04:30:09.128+0000] {dagbag.py:536} INFO - Filling up the DagBag from /opt/airflow/dags/Scripts/etl.py
[2023-12-18T04:30:09.772+0000] {processor.py:841} WARNING - No viable dags retrieved from /opt/airflow/dags/Scripts/etl.py
[2023-12-18T04:30:09.796+0000] {processor.py:179} INFO - Processing /opt/airflow/dags/Scripts/etl.py took 0.676 seconds
[2023-12-18T04:30:40.238+0000] {processor.py:157} INFO - Started process (PID=34227) to work on /opt/airflow/dags/Scripts/etl.py
[2023-12-18T04:30:40.240+0000] {processor.py:829} INFO - Processing file /opt/airflow/dags/Scripts/etl.py for tasks to queue
[2023-12-18T04:30:40.244+0000] {logging_mixin.py:154} INFO - [2023-12-18T04:30:40.244+0000] {dagbag.py:536} INFO - Filling up the DagBag from /opt/airflow/dags/Scripts/etl.py
[2023-12-18T04:30:40.870+0000] {processor.py:841} WARNING - No viable dags retrieved from /opt/airflow/dags/Scripts/etl.py
[2023-12-18T04:30:40.895+0000] {processor.py:179} INFO - Processing /opt/airflow/dags/Scripts/etl.py took 0.662 seconds
[2023-12-18T04:31:11.333+0000] {processor.py:157} INFO - Started process (PID=34238) to work on /opt/airflow/dags/Scripts/etl.py
[2023-12-18T04:31:11.334+0000] {processor.py:829} INFO - Processing file /opt/airflow/dags/Scripts/etl.py for tasks to queue
[2023-12-18T04:31:11.337+0000] {logging_mixin.py:154} INFO - [2023-12-18T04:31:11.336+0000] {dagbag.py:536} INFO - Filling up the DagBag from /opt/airflow/dags/Scripts/etl.py
[2023-12-18T04:31:11.789+0000] {processor.py:841} WARNING - No viable dags retrieved from /opt/airflow/dags/Scripts/etl.py
[2023-12-18T04:31:11.805+0000] {processor.py:179} INFO - Processing /opt/airflow/dags/Scripts/etl.py took 0.476 seconds
[2023-12-18T04:31:42.226+0000] {processor.py:157} INFO - Started process (PID=34250) to work on /opt/airflow/dags/Scripts/etl.py
[2023-12-18T04:31:42.227+0000] {processor.py:829} INFO - Processing file /opt/airflow/dags/Scripts/etl.py for tasks to queue
[2023-12-18T04:31:42.228+0000] {logging_mixin.py:154} INFO - [2023-12-18T04:31:42.228+0000] {dagbag.py:536} INFO - Filling up the DagBag from /opt/airflow/dags/Scripts/etl.py
[2023-12-18T04:31:42.662+0000] {processor.py:841} WARNING - No viable dags retrieved from /opt/airflow/dags/Scripts/etl.py
[2023-12-18T04:31:42.682+0000] {processor.py:179} INFO - Processing /opt/airflow/dags/Scripts/etl.py took 0.459 seconds
[2023-12-18T04:32:13.157+0000] {processor.py:157} INFO - Started process (PID=34261) to work on /opt/airflow/dags/Scripts/etl.py
[2023-12-18T04:32:13.158+0000] {processor.py:829} INFO - Processing file /opt/airflow/dags/Scripts/etl.py for tasks to queue
[2023-12-18T04:32:13.160+0000] {logging_mixin.py:154} INFO - [2023-12-18T04:32:13.160+0000] {dagbag.py:536} INFO - Filling up the DagBag from /opt/airflow/dags/Scripts/etl.py
[2023-12-18T04:32:13.610+0000] {processor.py:841} WARNING - No viable dags retrieved from /opt/airflow/dags/Scripts/etl.py
[2023-12-18T04:32:13.622+0000] {processor.py:179} INFO - Processing /opt/airflow/dags/Scripts/etl.py took 0.468 seconds
[2023-12-18T04:32:44.095+0000] {processor.py:157} INFO - Started process (PID=34272) to work on /opt/airflow/dags/Scripts/etl.py
[2023-12-18T04:32:44.096+0000] {processor.py:829} INFO - Processing file /opt/airflow/dags/Scripts/etl.py for tasks to queue
[2023-12-18T04:32:44.098+0000] {logging_mixin.py:154} INFO - [2023-12-18T04:32:44.098+0000] {dagbag.py:536} INFO - Filling up the DagBag from /opt/airflow/dags/Scripts/etl.py
[2023-12-18T04:32:44.532+0000] {processor.py:841} WARNING - No viable dags retrieved from /opt/airflow/dags/Scripts/etl.py
[2023-12-18T04:32:44.543+0000] {processor.py:179} INFO - Processing /opt/airflow/dags/Scripts/etl.py took 0.454 seconds
[2023-12-18T04:33:15.016+0000] {processor.py:157} INFO - Started process (PID=34283) to work on /opt/airflow/dags/Scripts/etl.py
[2023-12-18T04:33:15.016+0000] {processor.py:829} INFO - Processing file /opt/airflow/dags/Scripts/etl.py for tasks to queue
[2023-12-18T04:33:15.021+0000] {logging_mixin.py:154} INFO - [2023-12-18T04:33:15.020+0000] {dagbag.py:536} INFO - Filling up the DagBag from /opt/airflow/dags/Scripts/etl.py
[2023-12-18T04:33:15.582+0000] {processor.py:841} WARNING - No viable dags retrieved from /opt/airflow/dags/Scripts/etl.py
[2023-12-18T04:33:15.600+0000] {processor.py:179} INFO - Processing /opt/airflow/dags/Scripts/etl.py took 0.589 seconds
[2023-12-18T04:33:54.296+0000] {processor.py:157} INFO - Started process (PID=34287) to work on /opt/airflow/dags/Scripts/etl.py
[2023-12-18T04:33:54.297+0000] {processor.py:829} INFO - Processing file /opt/airflow/dags/Scripts/etl.py for tasks to queue
[2023-12-18T04:33:54.300+0000] {logging_mixin.py:154} INFO - [2023-12-18T04:33:54.300+0000] {dagbag.py:536} INFO - Filling up the DagBag from /opt/airflow/dags/Scripts/etl.py
[2023-12-18T04:33:54.858+0000] {processor.py:841} WARNING - No viable dags retrieved from /opt/airflow/dags/Scripts/etl.py
[2023-12-18T04:33:54.873+0000] {processor.py:179} INFO - Processing /opt/airflow/dags/Scripts/etl.py took 0.581 seconds
[2023-12-18T04:34:35.056+0000] {processor.py:157} INFO - Started process (PID=34298) to work on /opt/airflow/dags/Scripts/etl.py
[2023-12-18T04:34:35.057+0000] {processor.py:829} INFO - Processing file /opt/airflow/dags/Scripts/etl.py for tasks to queue
[2023-12-18T04:34:35.059+0000] {logging_mixin.py:154} INFO - [2023-12-18T04:34:35.059+0000] {dagbag.py:536} INFO - Filling up the DagBag from /opt/airflow/dags/Scripts/etl.py
[2023-12-18T04:34:35.624+0000] {processor.py:841} WARNING - No viable dags retrieved from /opt/airflow/dags/Scripts/etl.py
[2023-12-18T04:34:35.643+0000] {processor.py:179} INFO - Processing /opt/airflow/dags/Scripts/etl.py took 0.592 seconds
[2023-12-18T04:35:05.968+0000] {processor.py:157} INFO - Started process (PID=34309) to work on /opt/airflow/dags/Scripts/etl.py
[2023-12-18T04:35:05.969+0000] {processor.py:829} INFO - Processing file /opt/airflow/dags/Scripts/etl.py for tasks to queue
[2023-12-18T04:35:05.971+0000] {logging_mixin.py:154} INFO - [2023-12-18T04:35:05.971+0000] {dagbag.py:536} INFO - Filling up the DagBag from /opt/airflow/dags/Scripts/etl.py
[2023-12-18T04:35:06.460+0000] {processor.py:841} WARNING - No viable dags retrieved from /opt/airflow/dags/Scripts/etl.py
[2023-12-18T04:35:06.474+0000] {processor.py:179} INFO - Processing /opt/airflow/dags/Scripts/etl.py took 0.509 seconds
[2023-12-18T04:35:36.776+0000] {processor.py:157} INFO - Started process (PID=34320) to work on /opt/airflow/dags/Scripts/etl.py
[2023-12-18T04:35:36.778+0000] {processor.py:829} INFO - Processing file /opt/airflow/dags/Scripts/etl.py for tasks to queue
[2023-12-18T04:35:36.781+0000] {logging_mixin.py:154} INFO - [2023-12-18T04:35:36.780+0000] {dagbag.py:536} INFO - Filling up the DagBag from /opt/airflow/dags/Scripts/etl.py
[2023-12-18T04:35:37.323+0000] {processor.py:841} WARNING - No viable dags retrieved from /opt/airflow/dags/Scripts/etl.py
[2023-12-18T04:35:37.337+0000] {processor.py:179} INFO - Processing /opt/airflow/dags/Scripts/etl.py took 0.565 seconds
[2023-12-18T04:36:07.685+0000] {processor.py:157} INFO - Started process (PID=34338) to work on /opt/airflow/dags/Scripts/etl.py
[2023-12-18T04:36:07.688+0000] {processor.py:829} INFO - Processing file /opt/airflow/dags/Scripts/etl.py for tasks to queue
[2023-12-18T04:36:07.694+0000] {logging_mixin.py:154} INFO - [2023-12-18T04:36:07.693+0000] {dagbag.py:536} INFO - Filling up the DagBag from /opt/airflow/dags/Scripts/etl.py
[2023-12-18T04:36:08.274+0000] {processor.py:841} WARNING - No viable dags retrieved from /opt/airflow/dags/Scripts/etl.py
[2023-12-18T04:36:08.300+0000] {processor.py:179} INFO - Processing /opt/airflow/dags/Scripts/etl.py took 0.621 seconds
[2023-12-18T04:36:38.602+0000] {processor.py:157} INFO - Started process (PID=34349) to work on /opt/airflow/dags/Scripts/etl.py
[2023-12-18T04:36:38.603+0000] {processor.py:829} INFO - Processing file /opt/airflow/dags/Scripts/etl.py for tasks to queue
[2023-12-18T04:36:38.606+0000] {logging_mixin.py:154} INFO - [2023-12-18T04:36:38.605+0000] {dagbag.py:536} INFO - Filling up the DagBag from /opt/airflow/dags/Scripts/etl.py
[2023-12-18T04:36:39.104+0000] {processor.py:841} WARNING - No viable dags retrieved from /opt/airflow/dags/Scripts/etl.py
[2023-12-18T04:36:39.117+0000] {processor.py:179} INFO - Processing /opt/airflow/dags/Scripts/etl.py took 0.519 seconds
[2023-12-18T04:37:09.432+0000] {processor.py:157} INFO - Started process (PID=34360) to work on /opt/airflow/dags/Scripts/etl.py
[2023-12-18T04:37:09.434+0000] {processor.py:829} INFO - Processing file /opt/airflow/dags/Scripts/etl.py for tasks to queue
[2023-12-18T04:37:09.438+0000] {logging_mixin.py:154} INFO - [2023-12-18T04:37:09.437+0000] {dagbag.py:536} INFO - Filling up the DagBag from /opt/airflow/dags/Scripts/etl.py
[2023-12-18T04:37:10.017+0000] {processor.py:841} WARNING - No viable dags retrieved from /opt/airflow/dags/Scripts/etl.py
[2023-12-18T04:37:10.032+0000] {processor.py:179} INFO - Processing /opt/airflow/dags/Scripts/etl.py took 0.605 seconds
[2023-12-18T04:37:40.427+0000] {processor.py:157} INFO - Started process (PID=34370) to work on /opt/airflow/dags/Scripts/etl.py
[2023-12-18T04:37:40.429+0000] {processor.py:829} INFO - Processing file /opt/airflow/dags/Scripts/etl.py for tasks to queue
[2023-12-18T04:37:40.433+0000] {logging_mixin.py:154} INFO - [2023-12-18T04:37:40.433+0000] {dagbag.py:536} INFO - Filling up the DagBag from /opt/airflow/dags/Scripts/etl.py
[2023-12-18T04:37:41.016+0000] {processor.py:841} WARNING - No viable dags retrieved from /opt/airflow/dags/Scripts/etl.py
[2023-12-18T04:37:41.033+0000] {processor.py:179} INFO - Processing /opt/airflow/dags/Scripts/etl.py took 0.614 seconds
[2023-12-18T04:38:11.380+0000] {processor.py:157} INFO - Started process (PID=34381) to work on /opt/airflow/dags/Scripts/etl.py
[2023-12-18T04:38:11.385+0000] {processor.py:829} INFO - Processing file /opt/airflow/dags/Scripts/etl.py for tasks to queue
[2023-12-18T04:38:11.403+0000] {logging_mixin.py:154} INFO - [2023-12-18T04:38:11.401+0000] {dagbag.py:536} INFO - Filling up the DagBag from /opt/airflow/dags/Scripts/etl.py
[2023-12-18T04:38:11.915+0000] {processor.py:841} WARNING - No viable dags retrieved from /opt/airflow/dags/Scripts/etl.py
[2023-12-18T04:38:11.930+0000] {processor.py:179} INFO - Processing /opt/airflow/dags/Scripts/etl.py took 0.555 seconds
[2023-12-18T04:38:42.274+0000] {processor.py:157} INFO - Started process (PID=34392) to work on /opt/airflow/dags/Scripts/etl.py
[2023-12-18T04:38:42.276+0000] {processor.py:829} INFO - Processing file /opt/airflow/dags/Scripts/etl.py for tasks to queue
[2023-12-18T04:38:42.279+0000] {logging_mixin.py:154} INFO - [2023-12-18T04:38:42.279+0000] {dagbag.py:536} INFO - Filling up the DagBag from /opt/airflow/dags/Scripts/etl.py
[2023-12-18T04:38:42.818+0000] {processor.py:841} WARNING - No viable dags retrieved from /opt/airflow/dags/Scripts/etl.py
[2023-12-18T04:38:42.835+0000] {processor.py:179} INFO - Processing /opt/airflow/dags/Scripts/etl.py took 0.564 seconds
[2023-12-18T04:39:13.192+0000] {processor.py:157} INFO - Started process (PID=34402) to work on /opt/airflow/dags/Scripts/etl.py
[2023-12-18T04:39:13.196+0000] {processor.py:829} INFO - Processing file /opt/airflow/dags/Scripts/etl.py for tasks to queue
[2023-12-18T04:39:13.204+0000] {logging_mixin.py:154} INFO - [2023-12-18T04:39:13.204+0000] {dagbag.py:536} INFO - Filling up the DagBag from /opt/airflow/dags/Scripts/etl.py
[2023-12-18T04:39:13.744+0000] {processor.py:841} WARNING - No viable dags retrieved from /opt/airflow/dags/Scripts/etl.py
[2023-12-18T04:39:13.770+0000] {processor.py:179} INFO - Processing /opt/airflow/dags/Scripts/etl.py took 0.589 seconds
[2023-12-18T04:39:44.147+0000] {processor.py:157} INFO - Started process (PID=34413) to work on /opt/airflow/dags/Scripts/etl.py
[2023-12-18T04:39:44.153+0000] {processor.py:829} INFO - Processing file /opt/airflow/dags/Scripts/etl.py for tasks to queue
[2023-12-18T04:39:44.165+0000] {logging_mixin.py:154} INFO - [2023-12-18T04:39:44.164+0000] {dagbag.py:536} INFO - Filling up the DagBag from /opt/airflow/dags/Scripts/etl.py
[2023-12-18T04:39:44.727+0000] {processor.py:841} WARNING - No viable dags retrieved from /opt/airflow/dags/Scripts/etl.py
[2023-12-18T04:39:44.739+0000] {processor.py:179} INFO - Processing /opt/airflow/dags/Scripts/etl.py took 0.602 seconds
[2023-12-18T04:40:15.082+0000] {processor.py:157} INFO - Started process (PID=34424) to work on /opt/airflow/dags/Scripts/etl.py
[2023-12-18T04:40:15.084+0000] {processor.py:829} INFO - Processing file /opt/airflow/dags/Scripts/etl.py for tasks to queue
[2023-12-18T04:40:15.091+0000] {logging_mixin.py:154} INFO - [2023-12-18T04:40:15.090+0000] {dagbag.py:536} INFO - Filling up the DagBag from /opt/airflow/dags/Scripts/etl.py
[2023-12-18T04:40:15.703+0000] {processor.py:841} WARNING - No viable dags retrieved from /opt/airflow/dags/Scripts/etl.py
[2023-12-18T04:40:15.720+0000] {processor.py:179} INFO - Processing /opt/airflow/dags/Scripts/etl.py took 0.645 seconds
[2023-12-18T04:40:46.066+0000] {processor.py:157} INFO - Started process (PID=34435) to work on /opt/airflow/dags/Scripts/etl.py
[2023-12-18T04:40:46.069+0000] {processor.py:829} INFO - Processing file /opt/airflow/dags/Scripts/etl.py for tasks to queue
[2023-12-18T04:40:46.081+0000] {logging_mixin.py:154} INFO - [2023-12-18T04:40:46.080+0000] {dagbag.py:536} INFO - Filling up the DagBag from /opt/airflow/dags/Scripts/etl.py
[2023-12-18T04:40:46.589+0000] {processor.py:841} WARNING - No viable dags retrieved from /opt/airflow/dags/Scripts/etl.py
[2023-12-18T04:40:46.602+0000] {processor.py:179} INFO - Processing /opt/airflow/dags/Scripts/etl.py took 0.547 seconds
[2023-12-18T04:41:16.951+0000] {processor.py:157} INFO - Started process (PID=34446) to work on /opt/airflow/dags/Scripts/etl.py
[2023-12-18T04:41:16.952+0000] {processor.py:829} INFO - Processing file /opt/airflow/dags/Scripts/etl.py for tasks to queue
[2023-12-18T04:41:16.956+0000] {logging_mixin.py:154} INFO - [2023-12-18T04:41:16.956+0000] {dagbag.py:536} INFO - Filling up the DagBag from /opt/airflow/dags/Scripts/etl.py
[2023-12-18T04:41:17.479+0000] {processor.py:841} WARNING - No viable dags retrieved from /opt/airflow/dags/Scripts/etl.py
[2023-12-18T04:41:17.495+0000] {processor.py:179} INFO - Processing /opt/airflow/dags/Scripts/etl.py took 0.550 seconds
[2023-12-18T04:41:47.810+0000] {processor.py:157} INFO - Started process (PID=34456) to work on /opt/airflow/dags/Scripts/etl.py
[2023-12-18T04:41:47.812+0000] {processor.py:829} INFO - Processing file /opt/airflow/dags/Scripts/etl.py for tasks to queue
[2023-12-18T04:41:47.815+0000] {logging_mixin.py:154} INFO - [2023-12-18T04:41:47.815+0000] {dagbag.py:536} INFO - Filling up the DagBag from /opt/airflow/dags/Scripts/etl.py
[2023-12-18T04:41:48.363+0000] {processor.py:841} WARNING - No viable dags retrieved from /opt/airflow/dags/Scripts/etl.py
[2023-12-18T04:41:48.377+0000] {processor.py:179} INFO - Processing /opt/airflow/dags/Scripts/etl.py took 0.575 seconds
[2023-12-18T04:42:18.732+0000] {processor.py:157} INFO - Started process (PID=34467) to work on /opt/airflow/dags/Scripts/etl.py
[2023-12-18T04:42:18.734+0000] {processor.py:829} INFO - Processing file /opt/airflow/dags/Scripts/etl.py for tasks to queue
[2023-12-18T04:42:18.739+0000] {logging_mixin.py:154} INFO - [2023-12-18T04:42:18.738+0000] {dagbag.py:536} INFO - Filling up the DagBag from /opt/airflow/dags/Scripts/etl.py
[2023-12-18T04:42:19.289+0000] {processor.py:841} WARNING - No viable dags retrieved from /opt/airflow/dags/Scripts/etl.py
[2023-12-18T04:42:19.304+0000] {processor.py:179} INFO - Processing /opt/airflow/dags/Scripts/etl.py took 0.578 seconds
[2023-12-18T04:42:49.697+0000] {processor.py:157} INFO - Started process (PID=34477) to work on /opt/airflow/dags/Scripts/etl.py
[2023-12-18T04:42:49.698+0000] {processor.py:829} INFO - Processing file /opt/airflow/dags/Scripts/etl.py for tasks to queue
[2023-12-18T04:42:49.701+0000] {logging_mixin.py:154} INFO - [2023-12-18T04:42:49.701+0000] {dagbag.py:536} INFO - Filling up the DagBag from /opt/airflow/dags/Scripts/etl.py
[2023-12-18T04:42:50.290+0000] {processor.py:841} WARNING - No viable dags retrieved from /opt/airflow/dags/Scripts/etl.py
[2023-12-18T04:42:50.305+0000] {processor.py:179} INFO - Processing /opt/airflow/dags/Scripts/etl.py took 0.614 seconds
[2023-12-18T04:43:20.717+0000] {processor.py:157} INFO - Started process (PID=34488) to work on /opt/airflow/dags/Scripts/etl.py
[2023-12-18T04:43:20.719+0000] {processor.py:829} INFO - Processing file /opt/airflow/dags/Scripts/etl.py for tasks to queue
[2023-12-18T04:43:20.723+0000] {logging_mixin.py:154} INFO - [2023-12-18T04:43:20.722+0000] {dagbag.py:536} INFO - Filling up the DagBag from /opt/airflow/dags/Scripts/etl.py
[2023-12-18T04:43:21.288+0000] {processor.py:841} WARNING - No viable dags retrieved from /opt/airflow/dags/Scripts/etl.py
[2023-12-18T04:43:21.303+0000] {processor.py:179} INFO - Processing /opt/airflow/dags/Scripts/etl.py took 0.603 seconds
[2023-12-18T04:43:51.752+0000] {processor.py:157} INFO - Started process (PID=34499) to work on /opt/airflow/dags/Scripts/etl.py
[2023-12-18T04:43:51.754+0000] {processor.py:829} INFO - Processing file /opt/airflow/dags/Scripts/etl.py for tasks to queue
[2023-12-18T04:43:51.757+0000] {logging_mixin.py:154} INFO - [2023-12-18T04:43:51.757+0000] {dagbag.py:536} INFO - Filling up the DagBag from /opt/airflow/dags/Scripts/etl.py
[2023-12-18T04:43:52.374+0000] {processor.py:841} WARNING - No viable dags retrieved from /opt/airflow/dags/Scripts/etl.py
[2023-12-18T04:43:52.396+0000] {processor.py:179} INFO - Processing /opt/airflow/dags/Scripts/etl.py took 0.653 seconds
[2023-12-18T04:44:22.838+0000] {processor.py:157} INFO - Started process (PID=34511) to work on /opt/airflow/dags/Scripts/etl.py
[2023-12-18T04:44:22.841+0000] {processor.py:829} INFO - Processing file /opt/airflow/dags/Scripts/etl.py for tasks to queue
[2023-12-18T04:44:22.855+0000] {logging_mixin.py:154} INFO - [2023-12-18T04:44:22.853+0000] {dagbag.py:536} INFO - Filling up the DagBag from /opt/airflow/dags/Scripts/etl.py
[2023-12-18T04:44:23.373+0000] {processor.py:841} WARNING - No viable dags retrieved from /opt/airflow/dags/Scripts/etl.py
[2023-12-18T04:44:23.388+0000] {processor.py:179} INFO - Processing /opt/airflow/dags/Scripts/etl.py took 0.557 seconds
[2023-12-18T04:44:53.766+0000] {processor.py:157} INFO - Started process (PID=34523) to work on /opt/airflow/dags/Scripts/etl.py
[2023-12-18T04:44:53.768+0000] {processor.py:829} INFO - Processing file /opt/airflow/dags/Scripts/etl.py for tasks to queue
[2023-12-18T04:44:53.783+0000] {logging_mixin.py:154} INFO - [2023-12-18T04:44:53.782+0000] {dagbag.py:536} INFO - Filling up the DagBag from /opt/airflow/dags/Scripts/etl.py
[2023-12-18T04:44:54.323+0000] {processor.py:841} WARNING - No viable dags retrieved from /opt/airflow/dags/Scripts/etl.py
[2023-12-18T04:44:54.338+0000] {processor.py:179} INFO - Processing /opt/airflow/dags/Scripts/etl.py took 0.578 seconds
[2023-12-18T04:45:24.746+0000] {processor.py:157} INFO - Started process (PID=34534) to work on /opt/airflow/dags/Scripts/etl.py
[2023-12-18T04:45:24.747+0000] {processor.py:829} INFO - Processing file /opt/airflow/dags/Scripts/etl.py for tasks to queue
[2023-12-18T04:45:24.751+0000] {logging_mixin.py:154} INFO - [2023-12-18T04:45:24.750+0000] {dagbag.py:536} INFO - Filling up the DagBag from /opt/airflow/dags/Scripts/etl.py
[2023-12-18T04:45:25.263+0000] {processor.py:841} WARNING - No viable dags retrieved from /opt/airflow/dags/Scripts/etl.py
[2023-12-18T04:45:25.281+0000] {processor.py:179} INFO - Processing /opt/airflow/dags/Scripts/etl.py took 0.540 seconds
[2023-12-18T04:45:55.665+0000] {processor.py:157} INFO - Started process (PID=34545) to work on /opt/airflow/dags/Scripts/etl.py
[2023-12-18T04:45:55.667+0000] {processor.py:829} INFO - Processing file /opt/airflow/dags/Scripts/etl.py for tasks to queue
[2023-12-18T04:45:55.670+0000] {logging_mixin.py:154} INFO - [2023-12-18T04:45:55.670+0000] {dagbag.py:536} INFO - Filling up the DagBag from /opt/airflow/dags/Scripts/etl.py
[2023-12-18T04:45:56.184+0000] {processor.py:841} WARNING - No viable dags retrieved from /opt/airflow/dags/Scripts/etl.py
[2023-12-18T04:45:56.197+0000] {processor.py:179} INFO - Processing /opt/airflow/dags/Scripts/etl.py took 0.536 seconds
[2023-12-18T04:46:26.617+0000] {processor.py:157} INFO - Started process (PID=34556) to work on /opt/airflow/dags/Scripts/etl.py
[2023-12-18T04:46:26.618+0000] {processor.py:829} INFO - Processing file /opt/airflow/dags/Scripts/etl.py for tasks to queue
[2023-12-18T04:46:26.622+0000] {logging_mixin.py:154} INFO - [2023-12-18T04:46:26.622+0000] {dagbag.py:536} INFO - Filling up the DagBag from /opt/airflow/dags/Scripts/etl.py
[2023-12-18T04:46:27.085+0000] {processor.py:841} WARNING - No viable dags retrieved from /opt/airflow/dags/Scripts/etl.py
[2023-12-18T04:46:27.099+0000] {processor.py:179} INFO - Processing /opt/airflow/dags/Scripts/etl.py took 0.488 seconds
[2023-12-18T04:46:57.520+0000] {processor.py:157} INFO - Started process (PID=34568) to work on /opt/airflow/dags/Scripts/etl.py
[2023-12-18T04:46:57.522+0000] {processor.py:829} INFO - Processing file /opt/airflow/dags/Scripts/etl.py for tasks to queue
[2023-12-18T04:46:57.528+0000] {logging_mixin.py:154} INFO - [2023-12-18T04:46:57.528+0000] {dagbag.py:536} INFO - Filling up the DagBag from /opt/airflow/dags/Scripts/etl.py
[2023-12-18T04:46:58.034+0000] {processor.py:841} WARNING - No viable dags retrieved from /opt/airflow/dags/Scripts/etl.py
[2023-12-18T04:46:58.066+0000] {processor.py:179} INFO - Processing /opt/airflow/dags/Scripts/etl.py took 0.555 seconds
[2023-12-18T04:47:28.493+0000] {processor.py:157} INFO - Started process (PID=34578) to work on /opt/airflow/dags/Scripts/etl.py
[2023-12-18T04:47:28.494+0000] {processor.py:829} INFO - Processing file /opt/airflow/dags/Scripts/etl.py for tasks to queue
[2023-12-18T04:47:28.497+0000] {logging_mixin.py:154} INFO - [2023-12-18T04:47:28.497+0000] {dagbag.py:536} INFO - Filling up the DagBag from /opt/airflow/dags/Scripts/etl.py
[2023-12-18T04:47:28.990+0000] {processor.py:841} WARNING - No viable dags retrieved from /opt/airflow/dags/Scripts/etl.py
[2023-12-18T04:47:29.003+0000] {processor.py:179} INFO - Processing /opt/airflow/dags/Scripts/etl.py took 0.515 seconds
[2023-12-18T04:47:59.481+0000] {processor.py:157} INFO - Started process (PID=34588) to work on /opt/airflow/dags/Scripts/etl.py
[2023-12-18T04:47:59.485+0000] {processor.py:829} INFO - Processing file /opt/airflow/dags/Scripts/etl.py for tasks to queue
[2023-12-18T04:47:59.500+0000] {logging_mixin.py:154} INFO - [2023-12-18T04:47:59.495+0000] {dagbag.py:536} INFO - Filling up the DagBag from /opt/airflow/dags/Scripts/etl.py
[2023-12-18T04:47:59.985+0000] {processor.py:841} WARNING - No viable dags retrieved from /opt/airflow/dags/Scripts/etl.py
[2023-12-18T04:48:00.000+0000] {processor.py:179} INFO - Processing /opt/airflow/dags/Scripts/etl.py took 0.528 seconds
[2023-12-18T04:48:30.503+0000] {processor.py:157} INFO - Started process (PID=34599) to work on /opt/airflow/dags/Scripts/etl.py
[2023-12-18T04:48:30.504+0000] {processor.py:829} INFO - Processing file /opt/airflow/dags/Scripts/etl.py for tasks to queue
[2023-12-18T04:48:30.506+0000] {logging_mixin.py:154} INFO - [2023-12-18T04:48:30.505+0000] {dagbag.py:536} INFO - Filling up the DagBag from /opt/airflow/dags/Scripts/etl.py
[2023-12-18T04:48:31.054+0000] {processor.py:841} WARNING - No viable dags retrieved from /opt/airflow/dags/Scripts/etl.py
[2023-12-18T04:48:31.071+0000] {processor.py:179} INFO - Processing /opt/airflow/dags/Scripts/etl.py took 0.570 seconds
[2023-12-18T04:49:01.468+0000] {processor.py:157} INFO - Started process (PID=34611) to work on /opt/airflow/dags/Scripts/etl.py
[2023-12-18T04:49:01.470+0000] {processor.py:829} INFO - Processing file /opt/airflow/dags/Scripts/etl.py for tasks to queue
[2023-12-18T04:49:01.477+0000] {logging_mixin.py:154} INFO - [2023-12-18T04:49:01.476+0000] {dagbag.py:536} INFO - Filling up the DagBag from /opt/airflow/dags/Scripts/etl.py
[2023-12-18T04:49:01.982+0000] {processor.py:841} WARNING - No viable dags retrieved from /opt/airflow/dags/Scripts/etl.py
[2023-12-18T04:49:01.999+0000] {processor.py:179} INFO - Processing /opt/airflow/dags/Scripts/etl.py took 0.545 seconds
[2023-12-18T04:49:32.379+0000] {processor.py:157} INFO - Started process (PID=34622) to work on /opt/airflow/dags/Scripts/etl.py
[2023-12-18T04:49:32.383+0000] {processor.py:829} INFO - Processing file /opt/airflow/dags/Scripts/etl.py for tasks to queue
[2023-12-18T04:49:32.388+0000] {logging_mixin.py:154} INFO - [2023-12-18T04:49:32.388+0000] {dagbag.py:536} INFO - Filling up the DagBag from /opt/airflow/dags/Scripts/etl.py
[2023-12-18T04:49:32.885+0000] {processor.py:841} WARNING - No viable dags retrieved from /opt/airflow/dags/Scripts/etl.py
[2023-12-18T04:49:32.901+0000] {processor.py:179} INFO - Processing /opt/airflow/dags/Scripts/etl.py took 0.542 seconds
[2023-12-18T04:50:03.291+0000] {processor.py:157} INFO - Started process (PID=34632) to work on /opt/airflow/dags/Scripts/etl.py
[2023-12-18T04:50:03.295+0000] {processor.py:829} INFO - Processing file /opt/airflow/dags/Scripts/etl.py for tasks to queue
[2023-12-18T04:50:03.303+0000] {logging_mixin.py:154} INFO - [2023-12-18T04:50:03.302+0000] {dagbag.py:536} INFO - Filling up the DagBag from /opt/airflow/dags/Scripts/etl.py
[2023-12-18T04:50:03.805+0000] {processor.py:841} WARNING - No viable dags retrieved from /opt/airflow/dags/Scripts/etl.py
[2023-12-18T04:50:03.820+0000] {processor.py:179} INFO - Processing /opt/airflow/dags/Scripts/etl.py took 0.536 seconds
[2023-12-18T04:50:34.200+0000] {processor.py:157} INFO - Started process (PID=34643) to work on /opt/airflow/dags/Scripts/etl.py
[2023-12-18T04:50:34.201+0000] {processor.py:829} INFO - Processing file /opt/airflow/dags/Scripts/etl.py for tasks to queue
[2023-12-18T04:50:34.204+0000] {logging_mixin.py:154} INFO - [2023-12-18T04:50:34.203+0000] {dagbag.py:536} INFO - Filling up the DagBag from /opt/airflow/dags/Scripts/etl.py
[2023-12-18T04:50:34.684+0000] {processor.py:841} WARNING - No viable dags retrieved from /opt/airflow/dags/Scripts/etl.py
[2023-12-18T04:50:34.699+0000] {processor.py:179} INFO - Processing /opt/airflow/dags/Scripts/etl.py took 0.503 seconds
[2023-12-18T04:51:05.104+0000] {processor.py:157} INFO - Started process (PID=34654) to work on /opt/airflow/dags/Scripts/etl.py
[2023-12-18T04:51:05.105+0000] {processor.py:829} INFO - Processing file /opt/airflow/dags/Scripts/etl.py for tasks to queue
[2023-12-18T04:51:05.109+0000] {logging_mixin.py:154} INFO - [2023-12-18T04:51:05.108+0000] {dagbag.py:536} INFO - Filling up the DagBag from /opt/airflow/dags/Scripts/etl.py
[2023-12-18T04:51:05.566+0000] {processor.py:841} WARNING - No viable dags retrieved from /opt/airflow/dags/Scripts/etl.py
[2023-12-18T04:51:05.577+0000] {processor.py:179} INFO - Processing /opt/airflow/dags/Scripts/etl.py took 0.478 seconds
[2023-12-18T04:51:36.097+0000] {processor.py:157} INFO - Started process (PID=34665) to work on /opt/airflow/dags/Scripts/etl.py
[2023-12-18T04:51:36.098+0000] {processor.py:829} INFO - Processing file /opt/airflow/dags/Scripts/etl.py for tasks to queue
[2023-12-18T04:51:36.100+0000] {logging_mixin.py:154} INFO - [2023-12-18T04:51:36.100+0000] {dagbag.py:536} INFO - Filling up the DagBag from /opt/airflow/dags/Scripts/etl.py
[2023-12-18T04:51:36.740+0000] {processor.py:841} WARNING - No viable dags retrieved from /opt/airflow/dags/Scripts/etl.py
[2023-12-18T04:51:36.760+0000] {processor.py:179} INFO - Processing /opt/airflow/dags/Scripts/etl.py took 0.668 seconds
[2023-12-18T04:52:07.157+0000] {processor.py:157} INFO - Started process (PID=34676) to work on /opt/airflow/dags/Scripts/etl.py
[2023-12-18T04:52:07.160+0000] {processor.py:829} INFO - Processing file /opt/airflow/dags/Scripts/etl.py for tasks to queue
[2023-12-18T04:52:07.168+0000] {logging_mixin.py:154} INFO - [2023-12-18T04:52:07.167+0000] {dagbag.py:536} INFO - Filling up the DagBag from /opt/airflow/dags/Scripts/etl.py
[2023-12-18T04:52:07.651+0000] {processor.py:841} WARNING - No viable dags retrieved from /opt/airflow/dags/Scripts/etl.py
[2023-12-18T04:52:07.666+0000] {processor.py:179} INFO - Processing /opt/airflow/dags/Scripts/etl.py took 0.520 seconds
[2023-12-18T04:52:38.121+0000] {processor.py:157} INFO - Started process (PID=34687) to work on /opt/airflow/dags/Scripts/etl.py
[2023-12-18T04:52:38.123+0000] {processor.py:829} INFO - Processing file /opt/airflow/dags/Scripts/etl.py for tasks to queue
[2023-12-18T04:52:38.126+0000] {logging_mixin.py:154} INFO - [2023-12-18T04:52:38.126+0000] {dagbag.py:536} INFO - Filling up the DagBag from /opt/airflow/dags/Scripts/etl.py
[2023-12-18T04:52:38.726+0000] {processor.py:841} WARNING - No viable dags retrieved from /opt/airflow/dags/Scripts/etl.py
[2023-12-18T04:52:38.756+0000] {processor.py:179} INFO - Processing /opt/airflow/dags/Scripts/etl.py took 0.653 seconds
[2023-12-18T04:53:09.226+0000] {processor.py:157} INFO - Started process (PID=34698) to work on /opt/airflow/dags/Scripts/etl.py
[2023-12-18T04:53:09.227+0000] {processor.py:829} INFO - Processing file /opt/airflow/dags/Scripts/etl.py for tasks to queue
[2023-12-18T04:53:09.236+0000] {logging_mixin.py:154} INFO - [2023-12-18T04:53:09.234+0000] {dagbag.py:536} INFO - Filling up the DagBag from /opt/airflow/dags/Scripts/etl.py
[2023-12-18T04:53:09.699+0000] {processor.py:841} WARNING - No viable dags retrieved from /opt/airflow/dags/Scripts/etl.py
[2023-12-18T04:53:09.711+0000] {processor.py:179} INFO - Processing /opt/airflow/dags/Scripts/etl.py took 0.490 seconds
[2023-12-18T04:53:40.181+0000] {processor.py:157} INFO - Started process (PID=34710) to work on /opt/airflow/dags/Scripts/etl.py
[2023-12-18T04:53:40.183+0000] {processor.py:829} INFO - Processing file /opt/airflow/dags/Scripts/etl.py for tasks to queue
[2023-12-18T04:53:40.188+0000] {logging_mixin.py:154} INFO - [2023-12-18T04:53:40.187+0000] {dagbag.py:536} INFO - Filling up the DagBag from /opt/airflow/dags/Scripts/etl.py
[2023-12-18T04:53:40.908+0000] {processor.py:841} WARNING - No viable dags retrieved from /opt/airflow/dags/Scripts/etl.py
[2023-12-18T04:53:40.928+0000] {processor.py:179} INFO - Processing /opt/airflow/dags/Scripts/etl.py took 0.756 seconds
[2023-12-18T04:54:11.332+0000] {processor.py:157} INFO - Started process (PID=34720) to work on /opt/airflow/dags/Scripts/etl.py
[2023-12-18T04:54:11.333+0000] {processor.py:829} INFO - Processing file /opt/airflow/dags/Scripts/etl.py for tasks to queue
[2023-12-18T04:54:11.335+0000] {logging_mixin.py:154} INFO - [2023-12-18T04:54:11.335+0000] {dagbag.py:536} INFO - Filling up the DagBag from /opt/airflow/dags/Scripts/etl.py
[2023-12-18T04:54:11.997+0000] {processor.py:841} WARNING - No viable dags retrieved from /opt/airflow/dags/Scripts/etl.py
[2023-12-18T04:54:12.011+0000] {processor.py:179} INFO - Processing /opt/airflow/dags/Scripts/etl.py took 0.682 seconds
[2023-12-18T04:54:42.377+0000] {processor.py:157} INFO - Started process (PID=34737) to work on /opt/airflow/dags/Scripts/etl.py
[2023-12-18T04:54:42.378+0000] {processor.py:829} INFO - Processing file /opt/airflow/dags/Scripts/etl.py for tasks to queue
[2023-12-18T04:54:42.379+0000] {logging_mixin.py:154} INFO - [2023-12-18T04:54:42.379+0000] {dagbag.py:536} INFO - Filling up the DagBag from /opt/airflow/dags/Scripts/etl.py
[2023-12-18T04:54:42.844+0000] {processor.py:841} WARNING - No viable dags retrieved from /opt/airflow/dags/Scripts/etl.py
[2023-12-18T04:54:42.856+0000] {processor.py:179} INFO - Processing /opt/airflow/dags/Scripts/etl.py took 0.482 seconds
[2023-12-18T04:55:13.233+0000] {processor.py:157} INFO - Started process (PID=34748) to work on /opt/airflow/dags/Scripts/etl.py
[2023-12-18T04:55:13.235+0000] {processor.py:829} INFO - Processing file /opt/airflow/dags/Scripts/etl.py for tasks to queue
[2023-12-18T04:55:13.238+0000] {logging_mixin.py:154} INFO - [2023-12-18T04:55:13.237+0000] {dagbag.py:536} INFO - Filling up the DagBag from /opt/airflow/dags/Scripts/etl.py
[2023-12-18T04:55:13.662+0000] {processor.py:841} WARNING - No viable dags retrieved from /opt/airflow/dags/Scripts/etl.py
[2023-12-18T04:55:13.674+0000] {processor.py:179} INFO - Processing /opt/airflow/dags/Scripts/etl.py took 0.447 seconds
[2023-12-18T04:55:43.996+0000] {processor.py:157} INFO - Started process (PID=34759) to work on /opt/airflow/dags/Scripts/etl.py
[2023-12-18T04:55:43.998+0000] {processor.py:829} INFO - Processing file /opt/airflow/dags/Scripts/etl.py for tasks to queue
[2023-12-18T04:55:44.000+0000] {logging_mixin.py:154} INFO - [2023-12-18T04:55:44.000+0000] {dagbag.py:536} INFO - Filling up the DagBag from /opt/airflow/dags/Scripts/etl.py
[2023-12-18T04:55:44.495+0000] {processor.py:841} WARNING - No viable dags retrieved from /opt/airflow/dags/Scripts/etl.py
[2023-12-18T04:55:44.518+0000] {processor.py:179} INFO - Processing /opt/airflow/dags/Scripts/etl.py took 0.525 seconds
[2023-12-18T04:56:14.838+0000] {processor.py:157} INFO - Started process (PID=34770) to work on /opt/airflow/dags/Scripts/etl.py
[2023-12-18T04:56:14.839+0000] {processor.py:829} INFO - Processing file /opt/airflow/dags/Scripts/etl.py for tasks to queue
[2023-12-18T04:56:14.841+0000] {logging_mixin.py:154} INFO - [2023-12-18T04:56:14.841+0000] {dagbag.py:536} INFO - Filling up the DagBag from /opt/airflow/dags/Scripts/etl.py
[2023-12-18T04:56:15.412+0000] {processor.py:841} WARNING - No viable dags retrieved from /opt/airflow/dags/Scripts/etl.py
[2023-12-18T04:56:15.432+0000] {processor.py:179} INFO - Processing /opt/airflow/dags/Scripts/etl.py took 0.596 seconds
[2023-12-18T04:56:45.827+0000] {processor.py:157} INFO - Started process (PID=34781) to work on /opt/airflow/dags/Scripts/etl.py
[2023-12-18T04:56:45.830+0000] {processor.py:829} INFO - Processing file /opt/airflow/dags/Scripts/etl.py for tasks to queue
[2023-12-18T04:56:45.839+0000] {logging_mixin.py:154} INFO - [2023-12-18T04:56:45.838+0000] {dagbag.py:536} INFO - Filling up the DagBag from /opt/airflow/dags/Scripts/etl.py
[2023-12-18T04:56:46.430+0000] {processor.py:841} WARNING - No viable dags retrieved from /opt/airflow/dags/Scripts/etl.py
[2023-12-18T04:56:46.447+0000] {processor.py:179} INFO - Processing /opt/airflow/dags/Scripts/etl.py took 0.629 seconds
[2023-12-18T04:57:16.949+0000] {processor.py:157} INFO - Started process (PID=34792) to work on /opt/airflow/dags/Scripts/etl.py
[2023-12-18T04:57:16.950+0000] {processor.py:829} INFO - Processing file /opt/airflow/dags/Scripts/etl.py for tasks to queue
[2023-12-18T04:57:16.953+0000] {logging_mixin.py:154} INFO - [2023-12-18T04:57:16.953+0000] {dagbag.py:536} INFO - Filling up the DagBag from /opt/airflow/dags/Scripts/etl.py
[2023-12-18T04:57:17.516+0000] {processor.py:841} WARNING - No viable dags retrieved from /opt/airflow/dags/Scripts/etl.py
[2023-12-18T04:57:17.543+0000] {processor.py:179} INFO - Processing /opt/airflow/dags/Scripts/etl.py took 0.600 seconds
[2023-12-18T04:57:48.050+0000] {processor.py:157} INFO - Started process (PID=34802) to work on /opt/airflow/dags/Scripts/etl.py
[2023-12-18T04:57:48.052+0000] {processor.py:829} INFO - Processing file /opt/airflow/dags/Scripts/etl.py for tasks to queue
[2023-12-18T04:57:48.064+0000] {logging_mixin.py:154} INFO - [2023-12-18T04:57:48.064+0000] {dagbag.py:536} INFO - Filling up the DagBag from /opt/airflow/dags/Scripts/etl.py
[2023-12-18T04:57:48.574+0000] {processor.py:841} WARNING - No viable dags retrieved from /opt/airflow/dags/Scripts/etl.py
[2023-12-18T04:57:48.586+0000] {processor.py:179} INFO - Processing /opt/airflow/dags/Scripts/etl.py took 0.542 seconds
[2023-12-18T04:58:19.015+0000] {processor.py:157} INFO - Started process (PID=34813) to work on /opt/airflow/dags/Scripts/etl.py
[2023-12-18T04:58:19.017+0000] {processor.py:829} INFO - Processing file /opt/airflow/dags/Scripts/etl.py for tasks to queue
[2023-12-18T04:58:19.021+0000] {logging_mixin.py:154} INFO - [2023-12-18T04:58:19.021+0000] {dagbag.py:536} INFO - Filling up the DagBag from /opt/airflow/dags/Scripts/etl.py
[2023-12-18T04:58:19.532+0000] {processor.py:841} WARNING - No viable dags retrieved from /opt/airflow/dags/Scripts/etl.py
[2023-12-18T04:58:19.546+0000] {processor.py:179} INFO - Processing /opt/airflow/dags/Scripts/etl.py took 0.537 seconds
[2023-12-18T04:58:50.052+0000] {processor.py:157} INFO - Started process (PID=34824) to work on /opt/airflow/dags/Scripts/etl.py
[2023-12-18T04:58:50.054+0000] {processor.py:829} INFO - Processing file /opt/airflow/dags/Scripts/etl.py for tasks to queue
[2023-12-18T04:58:50.058+0000] {logging_mixin.py:154} INFO - [2023-12-18T04:58:50.057+0000] {dagbag.py:536} INFO - Filling up the DagBag from /opt/airflow/dags/Scripts/etl.py
[2023-12-18T04:58:50.541+0000] {processor.py:841} WARNING - No viable dags retrieved from /opt/airflow/dags/Scripts/etl.py
[2023-12-18T04:58:50.562+0000] {processor.py:179} INFO - Processing /opt/airflow/dags/Scripts/etl.py took 0.514 seconds
[2023-12-18T04:59:21.035+0000] {processor.py:157} INFO - Started process (PID=34834) to work on /opt/airflow/dags/Scripts/etl.py
[2023-12-18T04:59:21.036+0000] {processor.py:829} INFO - Processing file /opt/airflow/dags/Scripts/etl.py for tasks to queue
[2023-12-18T04:59:21.039+0000] {logging_mixin.py:154} INFO - [2023-12-18T04:59:21.039+0000] {dagbag.py:536} INFO - Filling up the DagBag from /opt/airflow/dags/Scripts/etl.py
[2023-12-18T04:59:21.506+0000] {processor.py:841} WARNING - No viable dags retrieved from /opt/airflow/dags/Scripts/etl.py
[2023-12-18T04:59:21.518+0000] {processor.py:179} INFO - Processing /opt/airflow/dags/Scripts/etl.py took 0.488 seconds
[2023-12-18T04:59:51.886+0000] {processor.py:157} INFO - Started process (PID=34845) to work on /opt/airflow/dags/Scripts/etl.py
[2023-12-18T04:59:51.889+0000] {processor.py:829} INFO - Processing file /opt/airflow/dags/Scripts/etl.py for tasks to queue
[2023-12-18T04:59:51.897+0000] {logging_mixin.py:154} INFO - [2023-12-18T04:59:51.897+0000] {dagbag.py:536} INFO - Filling up the DagBag from /opt/airflow/dags/Scripts/etl.py
[2023-12-18T04:59:52.372+0000] {processor.py:841} WARNING - No viable dags retrieved from /opt/airflow/dags/Scripts/etl.py
[2023-12-18T04:59:52.385+0000] {processor.py:179} INFO - Processing /opt/airflow/dags/Scripts/etl.py took 0.510 seconds
